<?xml version="1.0" encoding="UTF-8"?>
<!-- Generated by org.testng.reporters.JUnitReportReporter -->
<testsuite hostname="LAPTOP-ML3691PH" failures="0" tests="1" name="testCases.RegistrationTest" time="6.938" errors="0" timestamp="2024-10-29T17:22:50 IST" skipped="0">
  <testcase classname="testCases.RegistrationTest" name="verifyAccountRegistration" time="6.938"/>
</testsuite> <!-- testCases.RegistrationTest -->
